<?xml version="1.0" encoding="UTF-8"?>
<Site BuildName="(empty)"
	BuildStamp="20241123-1130-Experimental"
	Name="(empty)"
	Generator="ctest-3.28.1"
	CompilerName=""
	CompilerVersion=""
	OSName="Windows"
	Hostname="Burrow"
	OSRelease=" Professional"
	OSVersion=" (Build 22631)"
	OSPlatform="AMD64"
	Is64Bits="1"
	VendorString="AuthenticAMD"
	VendorID="Advanced Micro Devices"
	FamilyID="15"
	ModelID="1"
	ProcessorCacheSize="64"
	NumberOfLogicalCPU="12"
	NumberOfPhysicalCPU="6"
	TotalVirtualMemory="69555"
	TotalPhysicalMemory="65459"
	LogicalProcessorsPerPhysical="2"
	ProcessorClockFrequency="3500"
	>
	<Testing>
		<StartDateTime>Nov 23 12:30 Central Europe Standard Time</StartDateTime>
		<StartTestTime>1732361415</StartTestTime>
		<TestList/>
		<EndDateTime>Nov 23 12:30 Central Europe Standard Time</EndDateTime>
		<EndTestTime>1732361415</EndTestTime>
		<ElapsedMinutes>0</ElapsedMinutes>
	</Testing>
</Site>
